{"C:\\Users\\KUMO\\Desktop\\carlos\\aprendizaje\\prueba\\jest-nodejs\\src\\functions\\santa-clasus.ts": {"path":"C:\\Users\\KUMO\\Desktop\\carlos\\aprendizaje\\prueba\\jest-nodejs\\src\\functions\\santa-clasus.ts","statementMap":{"0":{"start":{"line":1,"column":26},"end":{"line":13,"column":1}},"1":{"start":{"line":2,"column":4},"end":{"line":2,"column":61}},"2":{"start":{"line":2,"column":16},"end":{"line":2,"column":61}},"3":{"start":{"line":3,"column":4},"end":{"line":3,"column":83}},"4":{"start":{"line":3,"column":34},"end":{"line":3,"column":83}},"5":{"start":{"line":4,"column":4},"end":{"line":4,"column":66}},"6":{"start":{"line":4,"column":20},"end":{"line":4,"column":66}},"7":{"start":{"line":5,"column":4},"end":{"line":5,"column":88}},"8":{"start":{"line":5,"column":38},"end":{"line":5,"column":88}},"9":{"start":{"line":6,"column":32},"end":{"line":6,"column":65}},"10":{"start":{"line":7,"column":4},"end":{"line":7,"column":42}},"11":{"start":{"line":7,"column":29},"end":{"line":7,"column":42}},"12":{"start":{"line":8,"column":30},"end":{"line":8,"column":77}},"13":{"start":{"line":9,"column":4},"end":{"line":9,"column":41}},"14":{"start":{"line":9,"column":28},"end":{"line":9,"column":41}},"15":{"start":{"line":12,"column":4},"end":{"line":12,"column":16}},"16":{"start":{"line":14,"column":0},"end":{"line":14,"column":33}}},"fnMap":{"0":{"name":"(anonymous_0)","decl":{"start":{"line":1,"column":26},"end":{"line":1,"column":27}},"loc":{"start":{"line":1,"column":60},"end":{"line":13,"column":1}}}},"branchMap":{"0":{"loc":{"start":{"line":2,"column":4},"end":{"line":2,"column":61}},"type":"if","locations":[{"start":{"line":2,"column":4},"end":{"line":2,"column":61}}]},"1":{"loc":{"start":{"line":3,"column":4},"end":{"line":3,"column":83}},"type":"if","locations":[{"start":{"line":3,"column":4},"end":{"line":3,"column":83}}]},"2":{"loc":{"start":{"line":4,"column":4},"end":{"line":4,"column":66}},"type":"if","locations":[{"start":{"line":4,"column":4},"end":{"line":4,"column":66}}]},"3":{"loc":{"start":{"line":5,"column":4},"end":{"line":5,"column":88}},"type":"if","locations":[{"start":{"line":5,"column":4},"end":{"line":5,"column":88}}]},"4":{"loc":{"start":{"line":7,"column":4},"end":{"line":7,"column":42}},"type":"if","locations":[{"start":{"line":7,"column":4},"end":{"line":7,"column":42}}]},"5":{"loc":{"start":{"line":9,"column":4},"end":{"line":9,"column":41}},"type":"if","locations":[{"start":{"line":9,"column":4},"end":{"line":9,"column":41}}]}},"s":{"0":1,"1":6,"2":1,"3":5,"4":1,"5":4,"6":0,"7":4,"8":1,"9":3,"10":3,"11":1,"12":2,"13":2,"14":1,"15":1,"16":1},"f":{"0":6},"b":{"0":[1],"1":[1],"2":[0],"3":[1],"4":[1],"5":[1]}}
}
