{"C:\\Users\\KUMO\\Desktop\\carlos\\aprendizaje\\prueba\\jest-nodejs\\src\\categories\\category.service.ts": {"path":"C:\\Users\\KUMO\\Desktop\\carlos\\aprendizaje\\prueba\\jest-nodejs\\src\\categories\\category.service.ts","statementMap":{"0":{"start":{"line":3,"column":8},"end":{"line":20,"column":10}},"1":{"start":{"line":23,"column":0},"end":{"line":23,"column":31}}},"fnMap":{"0":{"name":"(anonymous_0)","decl":{"start":{"line":2,"column":4},"end":{"line":2,"column":11}},"loc":{"start":{"line":2,"column":11},"end":{"line":21,"column":5}}}},"branchMap":{},"s":{"0":1,"1":1},"f":{"0":1},"b":{}}
}
